2024-04-04 00:00:55.690  WARN 372 --- [HikariPool-1 housekeeper] com.zaxxer.hikari.pool.HikariPool        : HikariPool-1 - Thread starvation or clock leap detected (housekeeper delta=1h27s840ms518µs700ns).
2024-04-04 11:22:46.117  WARN 372 --- [HikariPool-1 housekeeper] com.zaxxer.hikari.pool.HikariPool        : HikariPool-1 - Thread starvation or clock leap detected (housekeeper delta=11h22m4s536ms308µs500ns).
2024-04-04 11:41:53.107  INFO 372 --- [File Watcher] rtingClassPathChangeChangedEventListener : Restarting due to 1 class path change (0 additions, 0 deletions, 1 modification)
2024-04-04 11:42:01.484  INFO 372 --- [Thread-4] o.apache.catalina.core.StandardService   : Stopping service [Tomcat]
2024-04-04 11:42:05.024  INFO 372 --- [Thread-4] j.LocalContainerEntityManagerFactoryBean : Closing JPA EntityManagerFactory for persistence unit 'default'
2024-04-04 11:42:07.301  INFO 372 --- [Thread-4] com.zaxxer.hikari.HikariDataSource       : HikariPool-1 - Shutdown initiated...
2024-04-04 11:42:08.217  INFO 372 --- [Thread-4] com.zaxxer.hikari.HikariDataSource       : HikariPool-1 - Shutdown completed.
2024-04-04 11:42:13.946  INFO 372 --- [restartedMain] taurant_HotelManagementSystemApplication : Starting SurbhiRestaurant_HotelManagementSystemApplication using Java 17.0.1 on DESKTOP-5RG8I3H with PID 372 (E:\chetan20pt1-project2000-2102ef770f6c\chetan20pt1-project2000-2102ef770f6c\SurbhiRestaurant-HotelManagementSystem\SurbhiRestaurant-HotelManagementSystem\target\classes started by Wel-Come in E:\chetan20pt1-project2000-2102ef770f6c\chetan20pt1-project2000-2102ef770f6c\SurbhiRestaurant-HotelManagementSystem\SurbhiRestaurant-HotelManagementSystem)
2024-04-04 11:42:13.946  INFO 372 --- [restartedMain] taurant_HotelManagementSystemApplication : No active profile set, falling back to 1 default profile: "default"
2024-04-04 11:42:16.245  INFO 372 --- [restartedMain] .s.d.r.c.RepositoryConfigurationDelegate : Bootstrapping Spring Data JPA repositories in DEFAULT mode.
2024-04-04 11:42:16.421  INFO 372 --- [restartedMain] .s.d.r.c.RepositoryConfigurationDelegate : Finished Spring Data repository scanning in 174 ms. Found 5 JPA repository interfaces.
2024-04-04 11:42:17.502  INFO 372 --- [restartedMain] o.s.b.w.embedded.tomcat.TomcatWebServer  : Tomcat initialized with port(s): 8085 (http)
2024-04-04 11:42:17.524  INFO 372 --- [restartedMain] o.apache.catalina.core.StandardService   : Starting service [Tomcat]
2024-04-04 11:42:17.525  INFO 372 --- [restartedMain] org.apache.catalina.core.StandardEngine  : Starting Servlet engine: [Apache Tomcat/9.0.71]
2024-04-04 11:42:17.634  INFO 372 --- [restartedMain] o.a.c.c.C.[Tomcat].[localhost].[/]       : Initializing Spring embedded WebApplicationContext
2024-04-04 11:42:17.634  INFO 372 --- [restartedMain] w.s.c.ServletWebServerApplicationContext : Root WebApplicationContext: initialization completed in 3658 ms
2024-04-04 11:42:18.087  INFO 372 --- [restartedMain] o.hibernate.jpa.internal.util.LogHelper  : HHH000204: Processing PersistenceUnitInfo [name: default]
2024-04-04 11:42:18.114  INFO 372 --- [restartedMain] com.zaxxer.hikari.HikariDataSource       : HikariPool-2 - Starting...
2024-04-04 11:42:18.281  INFO 372 --- [restartedMain] com.zaxxer.hikari.HikariDataSource       : HikariPool-2 - Start completed.
2024-04-04 11:42:18.289  INFO 372 --- [restartedMain] org.hibernate.dialect.Dialect            : HHH000400: Using dialect: org.hibernate.dialect.MySQL8Dialect
2024-04-04 11:42:22.118  INFO 372 --- [restartedMain] o.h.e.t.j.p.i.JtaPlatformInitiator       : HHH000490: Using JtaPlatform implementation: [org.hibernate.engine.transaction.jta.platform.internal.NoJtaPlatform]
2024-04-04 11:42:22.119  INFO 372 --- [restartedMain] j.LocalContainerEntityManagerFactoryBean : Initialized JPA EntityManagerFactory for persistence unit 'default'
2024-04-04 11:42:23.134  WARN 372 --- [restartedMain] JpaBaseConfiguration$JpaWebConfiguration : spring.jpa.open-in-view is enabled by default. Therefore, database queries may be performed during view rendering. Explicitly configure spring.jpa.open-in-view to disable this warning
2024-04-04 11:42:23.551  WARN 372 --- [restartedMain] o.s.s.c.a.web.builders.WebSecurity       : You are asking Spring Security to ignore Ant [pattern='/user/register/**']. This is not recommended -- please use permitAll via HttpSecurity#authorizeHttpRequests instead.
2024-04-04 11:42:23.552  INFO 372 --- [restartedMain] o.s.s.web.DefaultSecurityFilterChain     : Will not secure Ant [pattern='/user/register/**']
2024-04-04 11:42:23.552  WARN 372 --- [restartedMain] o.s.s.c.a.web.builders.WebSecurity       : You are asking Spring Security to ignore Ant [pattern='/admin/register/**']. This is not recommended -- please use permitAll via HttpSecurity#authorizeHttpRequests instead.
2024-04-04 11:42:23.552  INFO 372 --- [restartedMain] o.s.s.web.DefaultSecurityFilterChain     : Will not secure Ant [pattern='/admin/register/**']
2024-04-04 11:42:23.570  INFO 372 --- [restartedMain] o.s.s.web.DefaultSecurityFilterChain     : Will secure any request with [org.springframework.security.web.session.DisableEncodeUrlFilter@31ad763a, org.springframework.security.web.context.request.async.WebAsyncManagerIntegrationFilter@25f653ed, org.springframework.security.web.context.SecurityContextPersistenceFilter@60ba301c, org.springframework.security.web.header.HeaderWriterFilter@63498c31, org.springframework.security.web.authentication.logout.LogoutFilter@4501f646, org.springframework.security.web.authentication.UsernamePasswordAuthenticationFilter@732d7699, org.springframework.security.web.authentication.ui.DefaultLoginPageGeneratingFilter@624fd784, org.springframework.security.web.authentication.ui.DefaultLogoutPageGeneratingFilter@70c29116, org.springframework.security.web.savedrequest.RequestCacheAwareFilter@3518f65f, org.springframework.security.web.servletapi.SecurityContextHolderAwareRequestFilter@1a1fdcc9, org.springframework.security.web.authentication.AnonymousAuthenticationFilter@68c3a829, org.springframework.security.web.session.SessionManagementFilter@162dd0ae, org.springframework.security.web.access.ExceptionTranslationFilter@165865f9, org.springframework.security.web.access.intercept.FilterSecurityInterceptor@45a3762]
2024-04-04 11:42:23.756  INFO 372 --- [restartedMain] o.s.b.d.a.OptionalLiveReloadServer       : LiveReload server is running on port 35729
2024-04-04 11:42:23.950  INFO 372 --- [restartedMain] o.s.b.w.embedded.tomcat.TomcatWebServer  : Tomcat started on port(s): 8085 (http) with context path ''
2024-04-04 11:42:23.954  INFO 372 --- [restartedMain] d.s.w.p.DocumentationPluginsBootstrapper : Context refreshed
2024-04-04 11:42:23.956  INFO 372 --- [restartedMain] d.s.w.p.DocumentationPluginsBootstrapper : Found 1 custom documentation plugin(s)
2024-04-04 11:42:23.969  INFO 372 --- [restartedMain] s.d.s.w.s.ApiListingReferenceScanner     : Scanning for api listing references
2024-04-04 11:42:23.978  INFO 372 --- [restartedMain] taurant_HotelManagementSystemApplication : Started SurbhiRestaurant_HotelManagementSystemApplication in 10.389 seconds (JVM running for 52042.768)
2024-04-04 11:42:24.083  INFO 372 --- [restartedMain] .ConditionEvaluationDeltaLoggingListener : Condition evaluation unchanged
2024-04-04 12:37:08.091  WARN 372 --- [HikariPool-2 housekeeper] com.zaxxer.hikari.pool.HikariPool        : HikariPool-2 - Thread starvation or clock leap detected (housekeeper delta=21m49s152ms250µs200ns).
2024-04-04 13:09:00.582  WARN 372 --- [HikariPool-2 housekeeper] com.zaxxer.hikari.pool.HikariPool        : HikariPool-2 - Thread starvation or clock leap detected (housekeeper delta=15m35s417ms373µs).
